<?xml version="1.0" encoding="UTF-8"?>
<testng-results skipped="0" failed="0" total="1" passed="1">
  <reporter-output>
  </reporter-output>
  <suite name="Default suite" duration-ms="12483" started-at="2018-07-09T10:32:21Z" finished-at="2018-07-09T10:32:33Z">
    <groups>
    </groups>
    <test name="Default test" duration-ms="12483" started-at="2018-07-09T10:32:21Z" finished-at="2018-07-09T10:32:33Z">
      <class name="selenium_api.Topic_02">
        <test-method status="PASS" signature="beforeMethod()[pri:0, instance:selenium_api.Topic_02@77f03bb1]" name="beforeMethod" is-config="true" duration-ms="2550" started-at="2018-07-09T17:32:21Z" finished-at="2018-07-09T17:32:23Z">
          <reporter-output>
          </reporter-output>
        </test-method> <!-- beforeMethod -->
        <test-method status="PASS" signature="test_03()[pri:0, instance:selenium_api.Topic_02@77f03bb1]" name="test_03" duration-ms="8991" started-at="2018-07-09T17:32:23Z" finished-at="2018-07-09T17:32:32Z">
          <reporter-output>
          </reporter-output>
        </test-method> <!-- test_03 -->
        <test-method status="PASS" signature="afterMethod()[pri:0, instance:selenium_api.Topic_02@77f03bb1]" name="afterMethod" is-config="true" duration-ms="933" started-at="2018-07-09T17:32:32Z" finished-at="2018-07-09T17:32:33Z">
          <reporter-output>
          </reporter-output>
        </test-method> <!-- afterMethod -->
      </class> <!-- selenium_api.Topic_02 -->
    </test> <!-- Default test -->
  </suite> <!-- Default suite -->
</testng-results>
